<?xml version="1.0" encoding="UTF-8"?>
<!-- Generated by org.testng.reporters.JUnitReportReporter -->
<testsuite hostname="BDC11-L-50PKL13" name="com.ctr.driver.BaseTest" tests="1" failures="0" timestamp="30 Mar 2020 10:29:48 GMT" time="167.842" errors="0">
  <testcase name="feature" time="167.842" classname="com.ctr.driver.BaseTest"/>
</testsuite> <!-- com.ctr.driver.BaseTest -->
