<?xml version="1.0" encoding="UTF-8"?>
<!-- Generated by org.testng.reporters.JUnitReportReporter -->
<testsuite hostname="BDC11-L-50PKL13" name="com.ctr.diver.BaseTest" tests="1" failures="0" timestamp="30 Mar 2020 08:52:41 GMT" time="126.733" errors="0">
  <testcase name="feature" time="126.733" classname="com.ctr.diver.BaseTest"/>
</testsuite> <!-- com.ctr.diver.BaseTest -->
