<?xml version="1.0" encoding="UTF-8"?>
<!-- Generated by org.testng.reporters.JUnitReportReporter -->
<testsuite hostname="BDC11-L-50PKL13" name="com.ctr.tests.AddToCart" tests="3" failures="0" timestamp="26 Mar 2020 14:20:43 GMT" time="62.258" errors="0">
  <testcase name="addToCartFlow2" time="20.399" classname="com.ctr.tests.AddToCart"/>
  <testcase name="addToCartFlow" time="21.235" classname="com.ctr.tests.AddToCart"/>
  <testcase name="addToCartFlow1" time="20.624" classname="com.ctr.tests.AddToCart"/>
</testsuite> <!-- com.ctr.tests.AddToCart -->
