<?xml version="1.0" encoding="UTF-8"?>
<!-- Generated by org.testng.reporters.JUnitReportReporter -->
<testsuite hostname="BDC11-L-50PKL13" name="AddToCart" tests="1" failures="0" timestamp="26 Mar 2020 06:08:43 GMT" time="74.217" errors="0">
  <testcase name="addToCartFlow" time="74.217" classname="AddToCart"/>
</testsuite> <!-- AddToCart -->
